<?xml version="1.0" encoding="UTF-8"?>
<!-- Generated by org.testng.reporters.JUnitXMLReporter -->
<testsuite ignored="0" hostname="MSI" failures="0" tests="3" name="Test" time="36.492" errors="0" timestamp="2022-07-28T22:22:09 IST">
  <testcase classname="testcases.VarifyingLoginPage" name="loginvarification" time="3.525"/>
  <testcase classname="testcases.VarifyingLoginPage" name="loginvarification" time="3.795"/>
  <testcase classname="testcases.VarifySignup" name="signup" time="16.962"/>
</testsuite> <!-- Test -->
