<?xml version="1.0" encoding="UTF-8"?>
<testng-results ignored="0" total="2" passed="2" failed="0" skipped="0">
  <reporter-output>
  </reporter-output>
  <suite started-at="2022-09-23T15:23:41 IST" name="Default suite" finished-at="2022-09-23T15:23:56 IST" duration-ms="15273">
    <groups>
    </groups>
    <test started-at="2022-09-23T15:23:41 IST" name="Default test" finished-at="2022-09-23T15:23:56 IST" duration-ms="15273">
      <class name="testcases.VarifyingLoginPage">
        <test-method is-config="true" signature="browserlaunch()[pri:0, instance:testcases.VarifyingLoginPage@5fdcaa40]" started-at="2022-09-23T15:23:41 IST" name="browserlaunch" finished-at="2022-09-23T15:23:45 IST" duration-ms="4649" status="PASS">
          <reporter-output>
          </reporter-output>
        </test-method> <!-- browserlaunch -->
        <test-method signature="loginvarification(java.lang.String,java.lang.String)[pri:0, instance:testcases.VarifyingLoginPage@5fdcaa40]" started-at="2022-09-23T15:23:45 IST" name="loginvarification" data-provider="testData" finished-at="2022-09-23T15:23:49 IST" duration-ms="3215" status="PASS">
          <params>
            <param index="0">
              <value>
                <![CDATA[test1]]>
              </value>
            </param>
            <param index="1">
              <value>
                <![CDATA[secure123]]>
              </value>
            </param>
          </params>
          <reporter-output>
          </reporter-output>
        </test-method> <!-- loginvarification -->
        <test-method is-config="true" signature="closebrowser()[pri:0, instance:testcases.VarifyingLoginPage@5fdcaa40]" started-at="2022-09-23T15:23:49 IST" name="closebrowser" finished-at="2022-09-23T15:23:49 IST" duration-ms="184" status="PASS">
          <reporter-output>
          </reporter-output>
        </test-method> <!-- closebrowser -->
        <test-method is-config="true" signature="browserlaunch()[pri:0, instance:testcases.VarifyingLoginPage@5fdcaa40]" started-at="2022-09-23T15:23:49 IST" name="browserlaunch" finished-at="2022-09-23T15:23:52 IST" duration-ms="3467" status="PASS">
          <reporter-output>
          </reporter-output>
        </test-method> <!-- browserlaunch -->
        <test-method signature="loginvarification(java.lang.String,java.lang.String)[pri:0, instance:testcases.VarifyingLoginPage@5fdcaa40]" started-at="2022-09-23T15:23:52 IST" name="loginvarification" data-provider="testData" finished-at="2022-09-23T15:23:56 IST" duration-ms="3539" status="PASS">
          <params>
            <param index="0">
              <value>
                <![CDATA[test2]]>
              </value>
            </param>
            <param index="1">
              <value>
                <![CDATA[secure356]]>
              </value>
            </param>
          </params>
          <reporter-output>
          </reporter-output>
        </test-method> <!-- loginvarification -->
        <test-method is-config="true" signature="closebrowser()[pri:0, instance:testcases.VarifyingLoginPage@5fdcaa40]" started-at="2022-09-23T15:23:56 IST" name="closebrowser" finished-at="2022-09-23T15:23:56 IST" duration-ms="182" status="PASS">
          <reporter-output>
          </reporter-output>
        </test-method> <!-- closebrowser -->
      </class> <!-- testcases.VarifyingLoginPage -->
    </test> <!-- Default test -->
  </suite> <!-- Default suite -->
</testng-results>
