<?xml version="1.0" encoding="UTF-8"?>
<testng-results ignored="0" total="2" passed="2" failed="0" skipped="0">
  <reporter-output>
  </reporter-output>
  <suite started-at="2022-07-27T14:37:35 IST" name="Default suite" finished-at="2022-07-27T14:37:50 IST" duration-ms="14826">
    <groups>
    </groups>
    <test started-at="2022-07-27T14:37:35 IST" name="Default test" finished-at="2022-07-27T14:37:50 IST" duration-ms="14826">
      <class name="testcases.VarifyingLoginPage">
        <test-method is-config="true" signature="browserlaunch()[pri:0, instance:testcases.VarifyingLoginPage@5fdcaa40]" started-at="2022-07-27T14:37:35 IST" name="browserlaunch" finished-at="2022-07-27T14:37:40 IST" duration-ms="4047" status="PASS">
          <reporter-output>
          </reporter-output>
        </test-method> <!-- browserlaunch -->
        <test-method signature="loginvarification(java.lang.String,java.lang.String)[pri:0, instance:testcases.VarifyingLoginPage@5fdcaa40]" started-at="2022-07-27T14:37:40 IST" name="loginvarification" data-provider="testData" finished-at="2022-07-27T14:37:43 IST" duration-ms="3413" status="PASS">
          <params>
            <param index="0">
              <value>
                <![CDATA[test1]]>
              </value>
            </param>
            <param index="1">
              <value>
                <![CDATA[secure123]]>
              </value>
            </param>
          </params>
          <reporter-output>
          </reporter-output>
        </test-method> <!-- loginvarification -->
        <test-method is-config="true" signature="closebrowser()[pri:0, instance:testcases.VarifyingLoginPage@5fdcaa40]" started-at="2022-07-27T14:37:43 IST" name="closebrowser" finished-at="2022-07-27T14:37:43 IST" duration-ms="124" status="PASS">
          <reporter-output>
          </reporter-output>
        </test-method> <!-- closebrowser -->
        <test-method is-config="true" signature="browserlaunch()[pri:0, instance:testcases.VarifyingLoginPage@5fdcaa40]" started-at="2022-07-27T14:37:43 IST" name="browserlaunch" finished-at="2022-07-27T14:37:47 IST" duration-ms="3634" status="PASS">
          <reporter-output>
          </reporter-output>
        </test-method> <!-- browserlaunch -->
        <test-method signature="loginvarification(java.lang.String,java.lang.String)[pri:0, instance:testcases.VarifyingLoginPage@5fdcaa40]" started-at="2022-07-27T14:37:47 IST" name="loginvarification" data-provider="testData" finished-at="2022-07-27T14:37:50 IST" duration-ms="3405" status="PASS">
          <params>
            <param index="0">
              <value>
                <![CDATA[test2]]>
              </value>
            </param>
            <param index="1">
              <value>
                <![CDATA[secure356]]>
              </value>
            </param>
          </params>
          <reporter-output>
          </reporter-output>
        </test-method> <!-- loginvarification -->
        <test-method is-config="true" signature="closebrowser()[pri:0, instance:testcases.VarifyingLoginPage@5fdcaa40]" started-at="2022-07-27T14:37:50 IST" name="closebrowser" finished-at="2022-07-27T14:37:50 IST" duration-ms="169" status="PASS">
          <reporter-output>
          </reporter-output>
        </test-method> <!-- closebrowser -->
      </class> <!-- testcases.VarifyingLoginPage -->
    </test> <!-- Default test -->
  </suite> <!-- Default suite -->
</testng-results>
